Using pre-set license
Built from '2020.3/staging' branch; Version is '2020.3.13f1 (71691879b7f5) revision 7432472'; Using compiler version '192528614'; Build Type 'Release'
OS: 'Windows 10 Pro; OS build 18363.1500; Version 1909; 64bit' Language: 'ru' Physical Memory: 3977 MB
BatchMode: 1, IsHumanControllingUs: 0, StartBugReporterOnCrash: 0, Is64bit: 1, IsPro: 0

 COMMAND LINE ARGUMENTS:
C:\Program Files\Unity\Hub\Editor\2020.3.13f1\Editor\Unity.exe
-adb2
-batchMode
-noUpm
-name
AssetImportWorker1
-projectPath
C:/Users/Никита/mason-bad-trip
-logFile
Logs/AssetImportWorker1.log
-srvPort
60774
Successfully changed project path to: C:/Users/Никита/mason-bad-trip
C:/Users/Никита/mason-bad-trip
Using Asset Import Pipeline V2.
Refreshing native plugins compatible for Editor in 346.59 ms, found 3 plugins.
Preloading 0 native plugins for Editor in 0.00 ms.
Initialize engine version: 2020.3.13f1 (71691879b7f5)
[Subsystems] Discovering subsystems at path C:/Program Files/Unity/Hub/Editor/2020.3.13f1/Editor/Data/Resources/UnitySubsystems
[Subsystems] Discovering subsystems at path C:/Users/Никита/mason-bad-trip/Assets
GfxDevice: creating device client; threaded=0
Direct3D:
    Version:  Direct3D 11.0 [level 11.1]
    Renderer: Intel(R) HD Graphics 520 (ID=0x1916)
    Vendor:   
    VRAM:     1988 MB
    Driver:   25.20.100.6446
Initialize mono
Mono path[0] = 'C:/Program Files/Unity/Hub/Editor/2020.3.13f1/Editor/Data/Managed'
Mono path[1] = 'C:/Program Files/Unity/Hub/Editor/2020.3.13f1/Editor/Data/MonoBleedingEdge/lib/mono/unityjit'
Mono config path = 'C:/Program Files/Unity/Hub/Editor/2020.3.13f1/Editor/Data/MonoBleedingEdge/etc'
Using monoOptions --debugger-agent=transport=dt_socket,embedding=1,server=y,suspend=n,address=127.0.0.1:56944
Begin MonoManager ReloadAssembly
Registering precompiled unity dll's ...
Register platform support module: C:/Program Files/Unity/Hub/Editor/2020.3.13f1/Editor/Data/PlaybackEngines/WindowsStandaloneSupport/UnityEditor.WindowsStandalone.Extensions.dll
Registered in 0.004459 seconds.
Native extension for WindowsStandalone target not found
Refreshing native plugins compatible for Editor in 80.77 ms, found 3 plugins.
Preloading 0 native plugins for Editor in 0.00 ms.
Mono: successfully reloaded assembly
- Completed reload, in  4.890 seconds
Platform modules already initialized, skipping
Registering precompiled user dll's ...
Registered in 0.013329 seconds.
Begin MonoManager ReloadAssembly
Native extension for WindowsStandalone target not found
Refreshing native plugins compatible for Editor in 82.77 ms, found 3 plugins.
Preloading 0 native plugins for Editor in 0.00 ms.
Mono: successfully reloaded assembly
- Completed reload, in  4.769 seconds
Platform modules already initialized, skipping
========================================================================
Worker process is ready to serve import requests
Launched and connected shader compiler UnityShaderCompiler.exe after 0.15 seconds
Refreshing native plugins compatible for Editor in 0.65 ms, found 3 plugins.
Preloading 0 native plugins for Editor in 0.00 ms.
Unloading 2108 Unused Serialized files (Serialized files now loaded: 0)
System memory in use before: 93.5 MB.
System memory in use after: 93.6 MB.

Unloading 28 unused Assets to reduce memory usage. Loaded Objects now: 2548.
Total: 4.107100 ms (FindLiveObjects: 0.321400 ms CreateObjectMapping: 0.176000 ms MarkObjects: 3.484300 ms  DeleteObjects: 0.123100 ms)

AssetImportParameters requested are different than current active one (requested -> active):
  custom:framework-win-MediaFoundation: 216162199b28c13a410421893ffa2e32 -> 
  custom:video-decoder-ogg-theora: a1e56fd34408186e4bbccfd4996cb3dc -> 
  custom:container-muxer-webm: aa71ff27fc2769a1b78a27578f13a17b -> 
  custom:container-demuxer-webm: 4f35f7cbe854078d1ac9338744f61a02 -> 
  custom:container-demuxer-ogg: 62fdf1f143b41e24485cea50d1cbac27 -> 
  custom:video-encoder-webm-vp8: eb34c28f22e8b96e1ab97ce403110664 -> 
  custom:video-decoder-webm-vp8: 9c59270c3fd7afecdb556c50c9e8de78 -> 
  custom:audio-decoder-ogg-vorbis: bf7c407c2cedff20999df2af8eb42d56 -> 
  custom:audio-encoder-webm-vorbis: bf7c407c2cedff20999df2af8eb42d56 -> 
========================================================================
Received Import Request.
  path: Assets/Scenes/episodes/Episode 3.unity
  artifactKey: Guid(8996448d38ba9844bb8e1623955d0bd5) Importer(815301076,1909f56bfc062723c751e8b465ee728b)
Start importing Assets/Scenes/episodes/Episode 3.unity using Guid(8996448d38ba9844bb8e1623955d0bd5) Importer(815301076,1909f56bfc062723c751e8b465ee728b)  -> (artifact id: '55e6521ca2ea72abfd14f45dd45c3666') in 0.031365 seconds 
  Import took 0.040064 seconds .

========================================================================
Received Import Request.
  Time since last request: 51.966977 seconds.
  path: Assets/Эпизоды (фоны и объекты)/Эпизод 3 Знакомство с Чебурашкой
  artifactKey: Guid(7e47bde91d56463429a46cdcdcd61221) Importer(815301076,1909f56bfc062723c751e8b465ee728b)
Start importing Assets/Эпизоды (фоны и объекты)/Эпизод 3 Знакомство с Чебурашкой using Guid(7e47bde91d56463429a46cdcdcd61221) Importer(815301076,1909f56bfc062723c751e8b465ee728b)  -> (artifact id: '70dbe2803f50bdc7311fd26a9490ace1') in 0.018693 seconds 
  Import took 0.029941 seconds .

========================================================================
Received Import Request.
  Time since last request: 0.833037 seconds.
  path: Assets/Эпизоды (фоны и объекты)/Эпизод 3 Знакомство с Чебурашкой/Эпизод 3. Рынок.png
  artifactKey: Guid(c81e946878bd9fd4fb330eab7705a048) Importer(815301076,1909f56bfc062723c751e8b465ee728b)
Start importing Assets/Эпизоды (фоны и объекты)/Эпизод 3 Знакомство с Чебурашкой/Эпизод 3. Рынок.png using Guid(c81e946878bd9fd4fb330eab7705a048) Importer(815301076,1909f56bfc062723c751e8b465ee728b)  -> (artifact id: 'c56fc94432fddf4e203971ee35b133c2') in 0.548500 seconds 
  Import took 0.558514 seconds .

========================================================================
Received Import Request.
  Time since last request: 26.197505 seconds.
  path: Assets/Эпизоды (фоны и объекты)/Эпизод 3 Знакомство с Чебурашкой/Апельсины
  artifactKey: Guid(7d7f33d7434ba2d41a35a5839b962858) Importer(815301076,1909f56bfc062723c751e8b465ee728b)
Start importing Assets/Эпизоды (фоны и объекты)/Эпизод 3 Знакомство с Чебурашкой/Апельсины using Guid(7d7f33d7434ba2d41a35a5839b962858) Importer(815301076,1909f56bfc062723c751e8b465ee728b)  -> (artifact id: '7bce6b62cdef7fb8d17528792a4644e8') in 0.021464 seconds 
  Import took 0.037860 seconds .

========================================================================
Received Import Request.
  Time since last request: 0.083330 seconds.
  path: Assets/Эпизоды (фоны и объекты)/Эпизод 3 Знакомство с Чебурашкой/Апельсины/апельсины в ящике.png
  artifactKey: Guid(e355030d919dfdc4db8f18b0d2725739) Importer(815301076,1909f56bfc062723c751e8b465ee728b)
Start importing Assets/Эпизоды (фоны и объекты)/Эпизод 3 Знакомство с Чебурашкой/Апельсины/апельсины в ящике.png using Guid(e355030d919dfdc4db8f18b0d2725739) Importer(815301076,1909f56bfc062723c751e8b465ee728b)  -> (artifact id: 'f322bdf55b7989d6cb3ec00c8310ad26') in 0.129974 seconds 
  Import took 0.144255 seconds .

========================================================================
Received Import Request.
  Time since last request: 0.000363 seconds.
  path: Assets/Эпизоды (фоны и объекты)/Эпизод 3 Знакомство с Чебурашкой/Апельсины/реалистичные апельсины в ящике.png
  artifactKey: Guid(e8d0c427ca3507045bd875b700800bb0) Importer(815301076,1909f56bfc062723c751e8b465ee728b)
Start importing Assets/Эпизоды (фоны и объекты)/Эпизод 3 Знакомство с Чебурашкой/Апельсины/реалистичные апельсины в ящике.png using Guid(e8d0c427ca3507045bd875b700800bb0) Importer(815301076,1909f56bfc062723c751e8b465ee728b)  -> (artifact id: 'f11b20c2557c1391aef033b18407094b') in 0.111979 seconds 
  Import took 0.124779 seconds .

========================================================================
Received Import Request.
  Time since last request: 0.000527 seconds.
  path: Assets/Эпизоды (фоны и объекты)/Эпизод 3 Знакомство с Чебурашкой/Апельсины/ящик.png
  artifactKey: Guid(281e6bd58e985634fb11ec7e29825699) Importer(815301076,1909f56bfc062723c751e8b465ee728b)
Start importing Assets/Эпизоды (фоны и объекты)/Эпизод 3 Знакомство с Чебурашкой/Апельсины/ящик.png using Guid(281e6bd58e985634fb11ec7e29825699) Importer(815301076,1909f56bfc062723c751e8b465ee728b)  -> (artifact id: '85f1ca89d0ec3e76e248b5465ce41f90') in 0.133574 seconds 
  Import took 0.144378 seconds .

========================================================================
Received Import Request.
  Time since last request: 0.000324 seconds.
  path: Assets/Эпизоды (фоны и объекты)/Эпизод 3 Знакомство с Чебурашкой/Апельсины/реалистичные апельсины.png
  artifactKey: Guid(f83dd9a65bd8efb4487efaf2479ed75d) Importer(815301076,1909f56bfc062723c751e8b465ee728b)
Start importing Assets/Эпизоды (фоны и объекты)/Эпизод 3 Знакомство с Чебурашкой/Апельсины/реалистичные апельсины.png using Guid(f83dd9a65bd8efb4487efaf2479ed75d) Importer(815301076,1909f56bfc062723c751e8b465ee728b)  -> (artifact id: '3ab9b4b1f5f030028962bd966c43dbdd') in 0.134636 seconds 
  Import took 0.144895 seconds .

========================================================================
Received Import Request.
  Time since last request: 71.791551 seconds.
  path: Assets/Эпизоды (фоны и объекты)/Эпизод 3 Знакомство с Чебурашкой/Телефон
  artifactKey: Guid(03688ae486eb17b42b8d5ac889f47ac7) Importer(815301076,1909f56bfc062723c751e8b465ee728b)
Start importing Assets/Эпизоды (фоны и объекты)/Эпизод 3 Знакомство с Чебурашкой/Телефон using Guid(03688ae486eb17b42b8d5ac889f47ac7) Importer(815301076,1909f56bfc062723c751e8b465ee728b)  -> (artifact id: '97e81df41f7cb46658afdb9bddc33d7a') in 0.017981 seconds 
  Import took 0.032223 seconds .

========================================================================
Received Import Request.
  Time since last request: 0.078153 seconds.
  path: Assets/Эпизоды (фоны и объекты)/Эпизод 3 Знакомство с Чебурашкой/Телефон/Звук1.png
  artifactKey: Guid(1f67f5f40a458914ea1c0fe7f505c53c) Importer(815301076,1909f56bfc062723c751e8b465ee728b)
Start importing Assets/Эпизоды (фоны и объекты)/Эпизод 3 Знакомство с Чебурашкой/Телефон/Звук1.png using Guid(1f67f5f40a458914ea1c0fe7f505c53c) Importer(815301076,1909f56bfc062723c751e8b465ee728b)  -> (artifact id: '5cf2f9e62c0ece28731f2804ad728821') in 0.035525 seconds 
  Import took 0.046765 seconds .

========================================================================
Received Import Request.
  Time since last request: 0.000407 seconds.
  path: Assets/Эпизоды (фоны и объекты)/Эпизод 3 Знакомство с Чебурашкой/Телефон/Звук3.png
  artifactKey: Guid(33b598b58c27d0d48b1ca854d4df14ab) Importer(815301076,1909f56bfc062723c751e8b465ee728b)
Start importing Assets/Эпизоды (фоны и объекты)/Эпизод 3 Знакомство с Чебурашкой/Телефон/Звук3.png using Guid(33b598b58c27d0d48b1ca854d4df14ab) Importer(815301076,1909f56bfc062723c751e8b465ee728b)  -> (artifact id: '34247174e9d654f9f44ef1dc47520cea') in 0.061480 seconds 
  Import took 0.072060 seconds .

========================================================================
Received Import Request.
  Time since last request: 0.000452 seconds.
  path: Assets/Эпизоды (фоны и объекты)/Эпизод 3 Знакомство с Чебурашкой/Телефон/Звук2.png
  artifactKey: Guid(74cd83277415c8842846e81629d91e31) Importer(815301076,1909f56bfc062723c751e8b465ee728b)
Start importing Assets/Эпизоды (фоны и объекты)/Эпизод 3 Знакомство с Чебурашкой/Телефон/Звук2.png using Guid(74cd83277415c8842846e81629d91e31) Importer(815301076,1909f56bfc062723c751e8b465ee728b)  -> (artifact id: 'c5116a7d6a4812a956c130af6450da2d') in 0.084293 seconds 
  Import took 0.098003 seconds .

========================================================================
Received Import Request.
  Time since last request: 0.000437 seconds.
  path: Assets/Эпизоды (фоны и объекты)/Эпизод 3 Знакомство с Чебурашкой/Телефон/Телефон.psd
  artifactKey: Guid(087864c6f9c83f0489c4d894ac847a0e) Importer(815301076,1909f56bfc062723c751e8b465ee728b)
Start importing Assets/Эпизоды (фоны и объекты)/Эпизод 3 Знакомство с Чебурашкой/Телефон/Телефон.psd using Guid(087864c6f9c83f0489c4d894ac847a0e) Importer(815301076,1909f56bfc062723c751e8b465ee728b)  -> (artifact id: 'bcf808df9e8d6e191d1dfb03687652a4') in 0.150197 seconds 
  Import took 0.164388 seconds .

========================================================================
Received Import Request.
  Time since last request: 0.000647 seconds.
  path: Assets/Эпизоды (фоны и объекты)/Эпизод 3 Знакомство с Чебурашкой/Телефон/Телефон.png
  artifactKey: Guid(8ec238f3ee407b9469812ef6d9c4e0c8) Importer(815301076,1909f56bfc062723c751e8b465ee728b)
Start importing Assets/Эпизоды (фоны и объекты)/Эпизод 3 Знакомство с Чебурашкой/Телефон/Телефон.png using Guid(8ec238f3ee407b9469812ef6d9c4e0c8) Importer(815301076,1909f56bfc062723c751e8b465ee728b)  -> (artifact id: '3dd85a51c00fc06df30d5a6dbf461071') in 0.108226 seconds 
  Import took 0.121190 seconds .

========================================================================
Received Import Request.
  Time since last request: 0.000388 seconds.
  path: Assets/Эпизоды (фоны и объекты)/Эпизод 3 Знакомство с Чебурашкой/Телефон/Звуки телефона.png
  artifactKey: Guid(0b79afe5f4041d348aae74426aefefdd) Importer(815301076,1909f56bfc062723c751e8b465ee728b)
Start importing Assets/Эпизоды (фоны и объекты)/Эпизод 3 Знакомство с Чебурашкой/Телефон/Звуки телефона.png using Guid(0b79afe5f4041d348aae74426aefefdd) Importer(815301076,1909f56bfc062723c751e8b465ee728b)  -> (artifact id: '09d01b1cdcc24033f63abcab463acde3') in 0.072156 seconds 
  Import took 0.082002 seconds .

========================================================================
Received Import Request.
  Time since last request: 8.239241 seconds.
  path: Assets/Эпизоды (фоны и объекты)/Эпизод 3 Знакомство с Чебурашкой/Звуки
  artifactKey: Guid(9d92b60eb8ab2e345bc124d636105d87) Importer(815301076,1909f56bfc062723c751e8b465ee728b)
Start importing Assets/Эпизоды (фоны и объекты)/Эпизод 3 Знакомство с Чебурашкой/Звуки using Guid(9d92b60eb8ab2e345bc124d636105d87) Importer(815301076,1909f56bfc062723c751e8b465ee728b)  -> (artifact id: 'd4c28dfb61f53c336ab64a9681362682') in 0.017437 seconds 
  Import took 0.027241 seconds .

========================================================================
Received Import Request.
  Time since last request: 0.084099 seconds.
  path: Assets/Эпизоды (фоны и объекты)/Эпизод 3 Знакомство с Чебурашкой/Звуки/Эпизод 3. Boss of this gym.mp3
  artifactKey: Guid(aeaada09441e4af40af95780ccc27058) Importer(815301076,1909f56bfc062723c751e8b465ee728b)
Start importing Assets/Эпизоды (фоны и объекты)/Эпизод 3 Знакомство с Чебурашкой/Звуки/Эпизод 3. Boss of this gym.mp3 using Guid(aeaada09441e4af40af95780ccc27058) Importer(815301076,1909f56bfc062723c751e8b465ee728b)  -> (artifact id: '42308d40e87430159994c256734d3ee1') in 0.268621 seconds 
  Import took 0.283957 seconds .

========================================================================
Received Import Request.
  Time since last request: 0.000351 seconds.
  path: Assets/Эпизоды (фоны и объекты)/Эпизод 3 Знакомство с Чебурашкой/Звуки/Эпизод 3. Вы кто такие. Я Вас не звал. Идите на хуй.mp3
  artifactKey: Guid(fa96a395fabc4d845b6c24a8f8221ce6) Importer(815301076,1909f56bfc062723c751e8b465ee728b)
Start importing Assets/Эпизоды (фоны и объекты)/Эпизод 3 Знакомство с Чебурашкой/Звуки/Эпизод 3. Вы кто такие. Я Вас не звал. Идите на хуй.mp3 using Guid(fa96a395fabc4d845b6c24a8f8221ce6) Importer(815301076,1909f56bfc062723c751e8b465ee728b)  -> (artifact id: '60eb16bd7e64a965a9c9204edfbd1b87') in 0.075916 seconds 
  Import took 0.086622 seconds .

========================================================================
Received Import Request.
  Time since last request: 1.797656 seconds.
  path: Assets/Эпизоды (фоны и объекты)/Эпизод 4 Солнышки
  artifactKey: Guid(2236cc1847176df46bd4d45c38e2df93) Importer(815301076,1909f56bfc062723c751e8b465ee728b)
Start importing Assets/Эпизоды (фоны и объекты)/Эпизод 4 Солнышки using Guid(2236cc1847176df46bd4d45c38e2df93) Importer(815301076,1909f56bfc062723c751e8b465ee728b)  -> (artifact id: 'b4802ce62f9f5f3fd4d6434315693100') in 0.019409 seconds 
  Import took 0.029364 seconds .

========================================================================
Received Import Request.
  Time since last request: 0.088366 seconds.
  path: Assets/Эпизоды (фоны и объекты)/Эпизод 4 Солнышки/stalker — чики-брики.mp3
  artifactKey: Guid(a9b2c3caf2ba2694ea9f3a042b9d0eda) Importer(815301076,1909f56bfc062723c751e8b465ee728b)
Start importing Assets/Эпизоды (фоны и объекты)/Эпизод 4 Солнышки/stalker — чики-брики.mp3 using Guid(a9b2c3caf2ba2694ea9f3a042b9d0eda) Importer(815301076,1909f56bfc062723c751e8b465ee728b)  -> (artifact id: '6779ab6fd360613c8ce2c32b150ffb7f') in 0.037714 seconds 
  Import took 0.049092 seconds .

========================================================================
Received Import Request.
  Time since last request: 0.000391 seconds.
  path: Assets/Эпизоды (фоны и объекты)/Эпизод 4 Солнышки/Эпизод 4. Солнышки.png
  artifactKey: Guid(040905ad8519a0645b71cbe4dac392b6) Importer(815301076,1909f56bfc062723c751e8b465ee728b)
Start importing Assets/Эпизоды (фоны и объекты)/Эпизод 4 Солнышки/Эпизод 4. Солнышки.png using Guid(040905ad8519a0645b71cbe4dac392b6) Importer(815301076,1909f56bfc062723c751e8b465ee728b)  -> (artifact id: '11a6a71a1a40255974408e87b21a16ea') in 0.084236 seconds 
  Import took 0.095621 seconds .

========================================================================
Received Import Request.
  Time since last request: 0.000414 seconds.
  path: Assets/Эпизоды (фоны и объекты)/Эпизод 4 Солнышки/Эпизод 4. Здорово, бандиты.mp3
  artifactKey: Guid(893436b29ed4f4e4682de95f843ce0c3) Importer(815301076,1909f56bfc062723c751e8b465ee728b)
Start importing Assets/Эпизоды (фоны и объекты)/Эпизод 4 Солнышки/Эпизод 4. Здорово, бандиты.mp3 using Guid(893436b29ed4f4e4682de95f843ce0c3) Importer(815301076,1909f56bfc062723c751e8b465ee728b)  -> (artifact id: '454790b372a226327534c64bd84fac75') in 0.089590 seconds 
  Import took 0.100068 seconds .

========================================================================
Received Import Request.
  Time since last request: 204.930594 seconds.
  path: Assets/Scenes/episodes/Episode 4.unity
  artifactKey: Guid(36bb23c6cf130554dbe8d5204e13ffa1) Importer(815301076,1909f56bfc062723c751e8b465ee728b)
Start importing Assets/Scenes/episodes/Episode 4.unity using Guid(36bb23c6cf130554dbe8d5204e13ffa1) Importer(815301076,1909f56bfc062723c751e8b465ee728b)  -> (artifact id: 'ee291f4d5598a08269dd144918394ccd') in 0.023005 seconds 
  Import took 0.036100 seconds .

========================================================================
Received Import Request.
  Time since last request: 0.442297 seconds.
  path: Assets/Scenes/episodes/Episode 5.unity
  artifactKey: Guid(bd75717c430f8f14dba8dccbb3975e88) Importer(815301076,1909f56bfc062723c751e8b465ee728b)
Start importing Assets/Scenes/episodes/Episode 5.unity using Guid(bd75717c430f8f14dba8dccbb3975e88) Importer(815301076,1909f56bfc062723c751e8b465ee728b)  -> (artifact id: '485eb307e8a5455a661d0dfc5f7ab1cf') in 0.043893 seconds 
  Import took 0.059857 seconds .

========================================================================
Received Import Request.
  Time since last request: 0.219368 seconds.
  path: Assets/Scenes/episodes/Episode 6.unity
  artifactKey: Guid(2e11d3b898b200147a2b421e84c7e6ec) Importer(815301076,1909f56bfc062723c751e8b465ee728b)
Start importing Assets/Scenes/episodes/Episode 6.unity using Guid(2e11d3b898b200147a2b421e84c7e6ec) Importer(815301076,1909f56bfc062723c751e8b465ee728b)  -> (artifact id: '01f3b5f189ffe73033c204a90e66aeb4') in 0.024480 seconds 
  Import took 0.052393 seconds .

========================================================================
Received Import Request.
  Time since last request: 0.174856 seconds.
  path: Assets/Scenes/episodes/Episode 7.unity
  artifactKey: Guid(adab889f864a38b42ba22983734d0e7a) Importer(815301076,1909f56bfc062723c751e8b465ee728b)
Start importing Assets/Scenes/episodes/Episode 7.unity using Guid(adab889f864a38b42ba22983734d0e7a) Importer(815301076,1909f56bfc062723c751e8b465ee728b)  -> (artifact id: 'ab474bdd6c3696ac9305808053cb3798') in 0.036969 seconds 
  Import took 0.053962 seconds .

========================================================================
Received Import Request.
  Time since last request: 0.190679 seconds.
  path: Assets/Scenes/episodes/Episode 8.unity
  artifactKey: Guid(feb41f4babc589040a826a3ea1a31923) Importer(815301076,1909f56bfc062723c751e8b465ee728b)
Start importing Assets/Scenes/episodes/Episode 8.unity using Guid(feb41f4babc589040a826a3ea1a31923) Importer(815301076,1909f56bfc062723c751e8b465ee728b)  -> (artifact id: '8fcd3888c880e0c8a494d74d63260000') in 0.037666 seconds 
  Import took 0.054954 seconds .

========================================================================
Received Import Request.
  Time since last request: 0.164081 seconds.
  path: Assets/Scenes/episodes/Episode 9.unity
  artifactKey: Guid(18b37318cd3c83f46921a55a0435a2bb) Importer(815301076,1909f56bfc062723c751e8b465ee728b)
Start importing Assets/Scenes/episodes/Episode 9.unity using Guid(18b37318cd3c83f46921a55a0435a2bb) Importer(815301076,1909f56bfc062723c751e8b465ee728b)  -> (artifact id: '41fd450d2923fa8a275a75f0f4a77112') in 0.040388 seconds 
  Import took 0.053294 seconds .

========================================================================
Received Import Request.
  Time since last request: 0.189426 seconds.
  path: Assets/Scenes/episodes/Episode 10.unity
  artifactKey: Guid(60d34cc9d0aa552499fd832e8b59be3b) Importer(815301076,1909f56bfc062723c751e8b465ee728b)
Start importing Assets/Scenes/episodes/Episode 10.unity using Guid(60d34cc9d0aa552499fd832e8b59be3b) Importer(815301076,1909f56bfc062723c751e8b465ee728b)  -> (artifact id: 'd0d072287e5f24a8806577b6af688f43') in 0.040601 seconds 
  Import took 0.054869 seconds .

========================================================================
Received Import Request.
  Time since last request: 0.150268 seconds.
  path: Assets/Scenes/episodes/Episode 11.unity
  artifactKey: Guid(762fbdb5ef19ed64c926d3262a16b3bb) Importer(815301076,1909f56bfc062723c751e8b465ee728b)
Start importing Assets/Scenes/episodes/Episode 11.unity using Guid(762fbdb5ef19ed64c926d3262a16b3bb) Importer(815301076,1909f56bfc062723c751e8b465ee728b)  -> (artifact id: '4c0c28787015c1525fb311e5f7b410f2') in 0.038137 seconds 
  Import took 0.057857 seconds .

========================================================================
Received Import Request.
  Time since last request: 0.252233 seconds.
  path: Assets/Scenes/episodes/Episode 12.unity
  artifactKey: Guid(29b42972089c71e4a93bfa06efc38131) Importer(815301076,1909f56bfc062723c751e8b465ee728b)
Start importing Assets/Scenes/episodes/Episode 12.unity using Guid(29b42972089c71e4a93bfa06efc38131) Importer(815301076,1909f56bfc062723c751e8b465ee728b)  -> (artifact id: 'a32bfebe15c554da84a7f2801bf1b12f') in 0.041319 seconds 
  Import took 0.053062 seconds .

========================================================================
Received Import Request.
  Time since last request: 7.067454 seconds.
  path: Assets/Scenes/episodes/Episode 3.unity
  artifactKey: Guid(8996448d38ba9844bb8e1623955d0bd5) Importer(815301076,1909f56bfc062723c751e8b465ee728b)
Start importing Assets/Scenes/episodes/Episode 3.unity using Guid(8996448d38ba9844bb8e1623955d0bd5) Importer(815301076,1909f56bfc062723c751e8b465ee728b)  -> (artifact id: 'ebafb6ccc643eb2a65d70b460bb24793') in 0.017141 seconds 
  Import took 0.028940 seconds .

========================================================================
Received Import Request.
  Time since last request: 298.069820 seconds.
  path: Assets/Эпизоды (фоны и объекты)/Эпизод 5 Возведение города
  artifactKey: Guid(aef6ebf7877d81a4f93d600fc591cbe7) Importer(815301076,1909f56bfc062723c751e8b465ee728b)
Start importing Assets/Эпизоды (фоны и объекты)/Эпизод 5 Возведение города using Guid(aef6ebf7877d81a4f93d600fc591cbe7) Importer(815301076,1909f56bfc062723c751e8b465ee728b)  -> (artifact id: 'cece836104c739b7d12dabf378541ea2') in 0.017835 seconds 
  Import took 0.029832 seconds .

========================================================================
Received Import Request.
  Time since last request: 0.136623 seconds.
  path: Assets/Эпизоды (фоны и объекты)/Эпизод 5 Возведение города/1626171687439.mp4
  artifactKey: Guid(5c9d0fa489054b845a59f971d8b9865a) Importer(815301076,1909f56bfc062723c751e8b465ee728b)
Start importing Assets/Эпизоды (фоны и объекты)/Эпизод 5 Возведение города/1626171687439.mp4 using Guid(5c9d0fa489054b845a59f971d8b9865a) Importer(815301076,1909f56bfc062723c751e8b465ee728b)  -> (artifact id: 'c5c8c8426f0a66493ba282e0d70c63b1') in 0.047425 seconds 
  Import took 0.056061 seconds .

========================================================================
Received Import Request.
  Time since last request: 0.000357 seconds.
  path: Assets/Эпизоды (фоны и объекты)/Эпизод 5 Возведение города/marko-drazic-open-village.jpg
  artifactKey: Guid(023ad7d2ca1ab5f4395661d477c564b7) Importer(815301076,1909f56bfc062723c751e8b465ee728b)
Start importing Assets/Эпизоды (фоны и объекты)/Эпизод 5 Возведение города/marko-drazic-open-village.jpg using Guid(023ad7d2ca1ab5f4395661d477c564b7) Importer(815301076,1909f56bfc062723c751e8b465ee728b)  -> (artifact id: '8417c2a53e6cd561538a537b85ba8243') in 0.141364 seconds 
  Import took 0.151042 seconds .

========================================================================
Received Import Request.
  Time since last request: 348.458849 seconds.
  path: Assets/Эпизоды (фоны и объекты)/Эпизод 6 Отрытие ящика Пандоры
  artifactKey: Guid(cbe2b9fa000eb0a47a845c22bc1d615d) Importer(815301076,1909f56bfc062723c751e8b465ee728b)
Start importing Assets/Эпизоды (фоны и объекты)/Эпизод 6 Отрытие ящика Пандоры using Guid(cbe2b9fa000eb0a47a845c22bc1d615d) Importer(815301076,1909f56bfc062723c751e8b465ee728b)  -> (artifact id: '21955cbc8eb76a61dc554854a0326be6') in 0.018949 seconds 
  Import took 0.029547 seconds .

========================================================================
Received Import Request.
  Time since last request: 0.091601 seconds.
  path: Assets/Эпизоды (фоны и объекты)/Эпизод 6 Отрытие ящика Пандоры/Эпизод 6. Ящик Пандоры. Лес1.jpg
  artifactKey: Guid(952dffffe989f57448561c950cb40625) Importer(815301076,1909f56bfc062723c751e8b465ee728b)
Start importing Assets/Эпизоды (фоны и объекты)/Эпизод 6 Отрытие ящика Пандоры/Эпизод 6. Ящик Пандоры. Лес1.jpg using Guid(952dffffe989f57448561c950cb40625) Importer(815301076,1909f56bfc062723c751e8b465ee728b)  -> (artifact id: '455be35299960398868320f5d8fc4e7b') in 0.048418 seconds 
  Import took 0.056839 seconds .

========================================================================
Received Import Request.
  Time since last request: 0.000452 seconds.
  path: Assets/Эпизоды (фоны и объекты)/Эпизод 6 Отрытие ящика Пандоры/не подходит.png
  artifactKey: Guid(9b246f3447067434ab5766d563a0e3eb) Importer(815301076,1909f56bfc062723c751e8b465ee728b)
Start importing Assets/Эпизоды (фоны и объекты)/Эпизод 6 Отрытие ящика Пандоры/не подходит.png using Guid(9b246f3447067434ab5766d563a0e3eb) Importer(815301076,1909f56bfc062723c751e8b465ee728b)  -> (artifact id: 'a0a7017c7af10b390e52b437141c537b') in 0.170959 seconds 
  Import took 0.188868 seconds .

========================================================================
Received Import Request.
  Time since last request: 0.000392 seconds.
  path: Assets/Эпизоды (фоны и объекты)/Эпизод 6 Отрытие ящика Пандоры/Эпизод 6. Ящик Пандоры. Лес2.jpg
  artifactKey: Guid(98d40a120720d5045a6061eb7d14a835) Importer(815301076,1909f56bfc062723c751e8b465ee728b)
Start importing Assets/Эпизоды (фоны и объекты)/Эпизод 6 Отрытие ящика Пандоры/Эпизод 6. Ящик Пандоры. Лес2.jpg using Guid(98d40a120720d5045a6061eb7d14a835) Importer(815301076,1909f56bfc062723c751e8b465ee728b)  -> (artifact id: '3dfe14b88f25cde2a3135a3b13b81e41') in 0.091074 seconds 
  Import took 0.102061 seconds .

========================================================================
Received Import Request.
  Time since last request: 146.735026 seconds.
  path: Assets/Эпизоды (фоны и объекты)/Эпизод 6 Отрытие ящика Пандоры/сундук
  artifactKey: Guid(b5cafeb13956ddf42950526280e5733f) Importer(815301076,1909f56bfc062723c751e8b465ee728b)
Start importing Assets/Эпизоды (фоны и объекты)/Эпизод 6 Отрытие ящика Пандоры/сундук using Guid(b5cafeb13956ddf42950526280e5733f) Importer(815301076,1909f56bfc062723c751e8b465ee728b)  -> (artifact id: '8b88cb33b1d4f35ed2f90d24f33f5e6a') in 0.019049 seconds 
  Import took 0.037714 seconds .

========================================================================
Received Import Request.
  Time since last request: 0.080086 seconds.
  path: Assets/Эпизоды (фоны и объекты)/Эпизод 6 Отрытие ящика Пандоры/сундук/Сhest_ajar.png
  artifactKey: Guid(3324caf368e81ec45b374b50d56ea66e) Importer(815301076,1909f56bfc062723c751e8b465ee728b)
Start importing Assets/Эпизоды (фоны и объекты)/Эпизод 6 Отрытие ящика Пандоры/сундук/Сhest_ajar.png using Guid(3324caf368e81ec45b374b50d56ea66e) Importer(815301076,1909f56bfc062723c751e8b465ee728b)  -> (artifact id: '68677f6b23529d37c01151040e3554e4') in 0.046710 seconds 
  Import took 0.057382 seconds .

========================================================================
Received Import Request.
  Time since last request: 0.000403 seconds.
  path: Assets/Эпизоды (фоны и объекты)/Эпизод 6 Отрытие ящика Пандоры/сундук/Сhest_closed.png
  artifactKey: Guid(68347b9943b4a6c43b2b913db1b710a5) Importer(815301076,1909f56bfc062723c751e8b465ee728b)
Start importing Assets/Эпизоды (фоны и объекты)/Эпизод 6 Отрытие ящика Пандоры/сундук/Сhest_closed.png using Guid(68347b9943b4a6c43b2b913db1b710a5) Importer(815301076,1909f56bfc062723c751e8b465ee728b)  -> (artifact id: '2f927a2e3d1e8400cf317e0d07d7ef7f') in 0.067907 seconds 
  Import took 0.084487 seconds .

========================================================================
Received Import Request.
  Time since last request: 0.000864 seconds.
  path: Assets/Эпизоды (фоны и объекты)/Эпизод 6 Отрытие ящика Пандоры/сундук/Сhest_open.png
  artifactKey: Guid(a9b0bd9c58174ca4ba96fc9780bdc63e) Importer(815301076,1909f56bfc062723c751e8b465ee728b)
Start importing Assets/Эпизоды (фоны и объекты)/Эпизод 6 Отрытие ящика Пандоры/сундук/Сhest_open.png using Guid(a9b0bd9c58174ca4ba96fc9780bdc63e) Importer(815301076,1909f56bfc062723c751e8b465ee728b)  -> (artifact id: 'e11d925dcbd78b5aaf7c45acaa03f27a') in 0.087159 seconds 
  Import took 0.099830 seconds .

========================================================================
Received Import Request.
  Time since last request: 130.103213 seconds.
  path: Assets/Эпизоды (фоны и объекты)/Эпизод 7 Мат это мат или нет_
  artifactKey: Guid(7484982d70d636547b2f4c9fa9a47036) Importer(815301076,1909f56bfc062723c751e8b465ee728b)
Start importing Assets/Эпизоды (фоны и объекты)/Эпизод 7 Мат это мат или нет_ using Guid(7484982d70d636547b2f4c9fa9a47036) Importer(815301076,1909f56bfc062723c751e8b465ee728b)  -> (artifact id: 'c84ef04d696051e218933350ab79d722') in 0.020479 seconds 
  Import took 0.032089 seconds .

========================================================================
Received Import Request.
  Time since last request: 0.001778 seconds.
  path: Assets/Эпизоды (фоны и объекты)/Эпизод 7 Мат это мат или нет_
  artifactKey: Guid(7484982d70d636547b2f4c9fa9a47036) Importer(815301076,1909f56bfc062723c751e8b465ee728b)
Start importing Assets/Эпизоды (фоны и объекты)/Эпизод 7 Мат это мат или нет_ using Guid(7484982d70d636547b2f4c9fa9a47036) Importer(815301076,1909f56bfc062723c751e8b465ee728b)  -> (artifact id: 'c84ef04d696051e218933350ab79d722') in 0.017880 seconds 
  Import took 0.034111 seconds .

========================================================================
Received Import Request.
  Time since last request: 0.084265 seconds.
  path: Assets/Эпизоды (фоны и объекты)/Эпизод 7 Мат это мат или нет_/nastol.com.ua-162443.jpg
  artifactKey: Guid(b998270fd0f3e6841a291d94377ed8e0) Importer(815301076,1909f56bfc062723c751e8b465ee728b)
Start importing Assets/Эпизоды (фоны и объекты)/Эпизод 7 Мат это мат или нет_/nastol.com.ua-162443.jpg using Guid(b998270fd0f3e6841a291d94377ed8e0) Importer(815301076,1909f56bfc062723c751e8b465ee728b)  -> (artifact id: '6bb014de35ba67d7e20a189771fd9311') in 0.047401 seconds 
  Import took 0.061595 seconds .

========================================================================
Received Import Request.
  Time since last request: 0.000357 seconds.
  path: Assets/Эпизоды (фоны и объекты)/Эпизод 7 Мат это мат или нет_/ocr.jpg
  artifactKey: Guid(014a54709a4a28b4f840c126d7c71c5b) Importer(815301076,1909f56bfc062723c751e8b465ee728b)
Start importing Assets/Эпизоды (фоны и объекты)/Эпизод 7 Мат это мат или нет_/ocr.jpg using Guid(014a54709a4a28b4f840c126d7c71c5b) Importer(815301076,1909f56bfc062723c751e8b465ee728b)  -> (artifact id: '3bc515f185b37d8f403d0d66b38dc059') in 0.078363 seconds 
  Import took 0.090302 seconds .

========================================================================
Received Import Request.
  Time since last request: 132.452213 seconds.
  path: Assets/Scenes/episodes/Episode 5.unity
  artifactKey: Guid(bd75717c430f8f14dba8dccbb3975e88) Importer(815301076,1909f56bfc062723c751e8b465ee728b)
Start importing Assets/Scenes/episodes/Episode 5.unity using Guid(bd75717c430f8f14dba8dccbb3975e88) Importer(815301076,1909f56bfc062723c751e8b465ee728b)  -> (artifact id: '98ee92992b022af08d7cef54c1242175') in 0.019373 seconds 
  Import took 0.029840 seconds .

========================================================================
Received Import Request.
  Time since last request: 36.100548 seconds.
  path: Assets/Эпизоды (фоны и объекты)/Эпизод 8 Поцелуй Лйрраента!
  artifactKey: Guid(7bbd04c384c27c6478f05e846f068866) Importer(815301076,1909f56bfc062723c751e8b465ee728b)
Start importing Assets/Эпизоды (фоны и объекты)/Эпизод 8 Поцелуй Лйрраента! using Guid(7bbd04c384c27c6478f05e846f068866) Importer(815301076,1909f56bfc062723c751e8b465ee728b)  -> (artifact id: '1de03343cc3182a524b809df6cac8972') in 0.019722 seconds 
  Import took 0.032734 seconds .

========================================================================
Received Import Request.
  Time since last request: 0.084950 seconds.
  path: Assets/Эпизоды (фоны и объекты)/Эпизод 8 Поцелуй Лйрраента!/Эпизод 8. Болото 1 (приоритет).jpg
  artifactKey: Guid(dd56da5bb3170504da8e5853ad3cfa3c) Importer(815301076,1909f56bfc062723c751e8b465ee728b)
Start importing Assets/Эпизоды (фоны и объекты)/Эпизод 8 Поцелуй Лйрраента!/Эпизод 8. Болото 1 (приоритет).jpg using Guid(dd56da5bb3170504da8e5853ad3cfa3c) Importer(815301076,1909f56bfc062723c751e8b465ee728b)  -> (artifact id: '04960ccd6c8b67341b6d799b982deefb') in 0.052837 seconds 
  Import took 0.065479 seconds .

========================================================================
Received Import Request.
  Time since last request: 0.000381 seconds.
  path: Assets/Эпизоды (фоны и объекты)/Эпизод 8 Поцелуй Лйрраента!/Эпизод 8. Болото 2.png
  artifactKey: Guid(4b7308038cecd3e41994f987386619a6) Importer(815301076,1909f56bfc062723c751e8b465ee728b)
Start importing Assets/Эпизоды (фоны и объекты)/Эпизод 8 Поцелуй Лйрраента!/Эпизод 8. Болото 2.png using Guid(4b7308038cecd3e41994f987386619a6) Importer(815301076,1909f56bfc062723c751e8b465ee728b)  -> (artifact id: '09740f61a186e81ec1f3628fda23da9f') in 0.089471 seconds 
  Import took 0.102307 seconds .

========================================================================
Received Import Request.
  Time since last request: 0.000403 seconds.
  path: Assets/Эпизоды (фоны и объекты)/Эпизод 8 Поцелуй Лйрраента!/не подходит.png
  artifactKey: Guid(4ef6331a1d2101e4581cbd2813fd0d40) Importer(815301076,1909f56bfc062723c751e8b465ee728b)
Start importing Assets/Эпизоды (фоны и объекты)/Эпизод 8 Поцелуй Лйрраента!/не подходит.png using Guid(4ef6331a1d2101e4581cbd2813fd0d40) Importer(815301076,1909f56bfc062723c751e8b465ee728b)  -> (artifact id: '30d47d91844c1197e13e4d0cb5fb3ca0') in 0.115097 seconds 
  Import took 0.126461 seconds .

========================================================================
Received Import Request.
  Time since last request: 140.497125 seconds.
  path: Assets/Эпизоды (фоны и объекты)/Эпизод 9 Создание карты сервера
  artifactKey: Guid(7815828cef80eeb4395c9f62a96286c4) Importer(815301076,1909f56bfc062723c751e8b465ee728b)
Start importing Assets/Эпизоды (фоны и объекты)/Эпизод 9 Создание карты сервера using Guid(7815828cef80eeb4395c9f62a96286c4) Importer(815301076,1909f56bfc062723c751e8b465ee728b)  -> (artifact id: '6da8ff6bd4509dc56745ceb6daaf6197') in 0.017236 seconds 
  Import took 0.030019 seconds .

========================================================================
Received Import Request.
  Time since last request: 0.080907 seconds.
  path: Assets/Эпизоды (фоны и объекты)/Эпизод 9 Создание карты сервера/Эпизод 9. Стол 1 (в приоритете).png
  artifactKey: Guid(0ace0c514a09be940af2ceb7c54a0bec) Importer(815301076,1909f56bfc062723c751e8b465ee728b)
Start importing Assets/Эпизоды (фоны и объекты)/Эпизод 9 Создание карты сервера/Эпизод 9. Стол 1 (в приоритете).png using Guid(0ace0c514a09be940af2ceb7c54a0bec) Importer(815301076,1909f56bfc062723c751e8b465ee728b)  -> (artifact id: '733abc623eed3f3261b35221c73c326f') in 0.058335 seconds 
  Import took 0.069987 seconds .

========================================================================
Received Import Request.
  Time since last request: 0.000516 seconds.
  path: Assets/Эпизоды (фоны и объекты)/Эпизод 9 Создание карты сервера/Эпизод 9. Тоннель.png
  artifactKey: Guid(8bfdca483f47d0e4e98443fa36aca72a) Importer(815301076,1909f56bfc062723c751e8b465ee728b)
Start importing Assets/Эпизоды (фоны и объекты)/Эпизод 9 Создание карты сервера/Эпизод 9. Тоннель.png using Guid(8bfdca483f47d0e4e98443fa36aca72a) Importer(815301076,1909f56bfc062723c751e8b465ee728b)  -> (artifact id: '3f44233900a77258275c032dee3cfbf4') in 0.084775 seconds 
  Import took 0.099591 seconds .

========================================================================
Received Import Request.
  Time since last request: 0.000422 seconds.
  path: Assets/Эпизоды (фоны и объекты)/Эпизод 9 Создание карты сервера/Эпизод 9. Стол 2.png
  artifactKey: Guid(3af06716ef60ab14587df8e6ffb425f8) Importer(815301076,1909f56bfc062723c751e8b465ee728b)
Start importing Assets/Эпизоды (фоны и объекты)/Эпизод 9 Создание карты сервера/Эпизод 9. Стол 2.png using Guid(3af06716ef60ab14587df8e6ffb425f8) Importer(815301076,1909f56bfc062723c751e8b465ee728b)  -> (artifact id: '3afe5526e3a778a197f7da573ca04f15') in 0.080341 seconds 
  Import took 0.090994 seconds .

========================================================================
Received Import Request.
  Time since last request: 446.733971 seconds.
  path: Assets/Эпизоды (фоны и объекты)/Эпизод 10 Фанфик Фаншарка
  artifactKey: Guid(f52f93c77d875ca499cd7c1f5eb6a3a1) Importer(815301076,1909f56bfc062723c751e8b465ee728b)
Start importing Assets/Эпизоды (фоны и объекты)/Эпизод 10 Фанфик Фаншарка using Guid(f52f93c77d875ca499cd7c1f5eb6a3a1) Importer(815301076,1909f56bfc062723c751e8b465ee728b)  -> (artifact id: 'b675ea219b27d9e63635308e995c467f') in 0.024437 seconds 
  Import took 0.058170 seconds .

========================================================================
Received Import Request.
  Time since last request: 0.076444 seconds.
  path: Assets/Эпизоды (фоны и объекты)/Эпизод 10 Фанфик Фаншарка/Эпизод 10. Комната.png
  artifactKey: Guid(a217dc5bba690cd4fa12bc12e9fe35fc) Importer(815301076,1909f56bfc062723c751e8b465ee728b)
Start importing Assets/Эпизоды (фоны и объекты)/Эпизод 10 Фанфик Фаншарка/Эпизод 10. Комната.png using Guid(a217dc5bba690cd4fa12bc12e9fe35fc) Importer(815301076,1909f56bfc062723c751e8b465ee728b)  -> (artifact id: '3a0397e423e922c88d877408764519bb') in 0.071760 seconds 
  Import took 0.085555 seconds .

========================================================================
Received Import Request.
  Time since last request: 0.000404 seconds.
  path: Assets/Эпизоды (фоны и объекты)/Эпизод 10 Фанфик Фаншарка/Эпизод 10. Таверна.jpg
  artifactKey: Guid(7369d95977fea6849b849292bb8706a8) Importer(815301076,1909f56bfc062723c751e8b465ee728b)
Start importing Assets/Эпизоды (фоны и объекты)/Эпизод 10 Фанфик Фаншарка/Эпизод 10. Таверна.jpg using Guid(7369d95977fea6849b849292bb8706a8) Importer(815301076,1909f56bfc062723c751e8b465ee728b)  -> (artifact id: 'affc6377366643de5546772585de113c') in 0.080234 seconds 
  Import took 0.093503 seconds .

========================================================================
Received Import Request.
  Time since last request: 145.052472 seconds.
  path: Assets/Scenes/episodes/Episode 10.unity
  artifactKey: Guid(60d34cc9d0aa552499fd832e8b59be3b) Importer(815301076,1909f56bfc062723c751e8b465ee728b)
Start importing Assets/Scenes/episodes/Episode 10.unity using Guid(60d34cc9d0aa552499fd832e8b59be3b) Importer(815301076,1909f56bfc062723c751e8b465ee728b)  -> (artifact id: '24fee1f65c0cd63a93b988fa6ed1cde0') in 0.018618 seconds 
  Import took 0.028903 seconds .

========================================================================
Received Import Request.
  Time since last request: 3.952179 seconds.
  path: Assets/Scenes/episodes/Episode 11.unity
  artifactKey: Guid(762fbdb5ef19ed64c926d3262a16b3bb) Importer(815301076,1909f56bfc062723c751e8b465ee728b)
Start importing Assets/Scenes/episodes/Episode 11.unity using Guid(762fbdb5ef19ed64c926d3262a16b3bb) Importer(815301076,1909f56bfc062723c751e8b465ee728b)  -> (artifact id: '067b1daf1dfd82b0032dcd3385a28c12') in 0.017211 seconds 
  Import took 0.028934 seconds .

========================================================================
Received Import Request.
  Time since last request: 7.249336 seconds.
  path: Assets/Эпизоды (фоны и объекты)/Эпизод 11 Полёт на Жар-Птице
  artifactKey: Guid(5ab9038d7101b7b4ebaa0af3781545c3) Importer(815301076,1909f56bfc062723c751e8b465ee728b)
Start importing Assets/Эпизоды (фоны и объекты)/Эпизод 11 Полёт на Жар-Птице using Guid(5ab9038d7101b7b4ebaa0af3781545c3) Importer(815301076,1909f56bfc062723c751e8b465ee728b)  -> (artifact id: 'faa93cd47b6226b62aefbd38e42725be') in 0.019528 seconds 
  Import took 0.033669 seconds .

========================================================================
Received Import Request.
  Time since last request: 0.000964 seconds.
  path: Assets/Эпизоды (фоны и объекты)/Эпизод 11 Полёт на Жар-Птице
  artifactKey: Guid(5ab9038d7101b7b4ebaa0af3781545c3) Importer(815301076,1909f56bfc062723c751e8b465ee728b)
Start importing Assets/Эпизоды (фоны и объекты)/Эпизод 11 Полёт на Жар-Птице using Guid(5ab9038d7101b7b4ebaa0af3781545c3) Importer(815301076,1909f56bfc062723c751e8b465ee728b)  -> (artifact id: 'faa93cd47b6226b62aefbd38e42725be') in 0.018923 seconds 
  Import took 0.036022 seconds .

========================================================================
Received Import Request.
  Time since last request: 0.112388 seconds.
  path: Assets/Эпизоды (фоны и объекты)/Эпизод 11 Полёт на Жар-Птице/walkie_talkie_PNG92791.png
  artifactKey: Guid(d0cb5cd5b46d0dd449931275a0ea0d9e) Importer(815301076,1909f56bfc062723c751e8b465ee728b)
Start importing Assets/Эпизоды (фоны и объекты)/Эпизод 11 Полёт на Жар-Птице/walkie_talkie_PNG92791.png using Guid(d0cb5cd5b46d0dd449931275a0ea0d9e) Importer(815301076,1909f56bfc062723c751e8b465ee728b)  -> (artifact id: '57f7e274173d12b89e8654e18361f213') in 0.256846 seconds 
  Import took 0.283667 seconds .

========================================================================
Received Import Request.
  Time since last request: 0.002695 seconds.
  path: Assets/Эпизоды (фоны и объекты)/Эпизод 11 Полёт на Жар-Птице/Эпизод 11. 415 база.mp3
  artifactKey: Guid(4184dd104312ef241ba9f57aec4c6d6e) Importer(815301076,1909f56bfc062723c751e8b465ee728b)
Start importing Assets/Эпизоды (фоны и объекты)/Эпизод 11 Полёт на Жар-Птице/Эпизод 11. 415 база.mp3 using Guid(4184dd104312ef241ba9f57aec4c6d6e) Importer(815301076,1909f56bfc062723c751e8b465ee728b)  -> (artifact id: '8c5794bf165d5c1cfc05a34bcdd87efc') in 0.259813 seconds 
  Import took 0.279327 seconds .

========================================================================
Received Import Request.
  Time since last request: 0.000476 seconds.
  path: Assets/Эпизоды (фоны и объекты)/Эпизод 11 Полёт на Жар-Птице/Эпизод 11. Полёт на Жар-Птице.png
  artifactKey: Guid(d7c4599ea0079cf428b7d6a47d5dfc05) Importer(815301076,1909f56bfc062723c751e8b465ee728b)
Start importing Assets/Эпизоды (фоны и объекты)/Эпизод 11 Полёт на Жар-Птице/Эпизод 11. Полёт на Жар-Птице.png using Guid(d7c4599ea0079cf428b7d6a47d5dfc05) Importer(815301076,1909f56bfc062723c751e8b465ee728b)  -> (artifact id: 'e262df63eb6d84279caee9e014f59035') in 0.097847 seconds 
  Import took 0.108932 seconds .

========================================================================
Received Import Request.
  Time since last request: 4.249219 seconds.
  path: Assets/Эпизоды (фоны и объекты)/Эпизод 11 Полёт на Жар-Птице/Эпизод 11. Вилла
  artifactKey: Guid(49794f79cdd1b2d4ea6f8d7503d515f2) Importer(815301076,1909f56bfc062723c751e8b465ee728b)
Start importing Assets/Эпизоды (фоны и объекты)/Эпизод 11 Полёт на Жар-Птице/Эпизод 11. Вилла using Guid(49794f79cdd1b2d4ea6f8d7503d515f2) Importer(815301076,1909f56bfc062723c751e8b465ee728b)  -> (artifact id: '6c709c171344721f8951e73e7eac44f2') in 0.016729 seconds 
  Import took 0.029516 seconds .

========================================================================
Received Import Request.
  Time since last request: 0.168887 seconds.
  path: Assets/Эпизоды (фоны и объекты)/Эпизод 11 Полёт на Жар-Птице/Эпизод 11. Вилла/стол.png
  artifactKey: Guid(002ae9cb17be42a478387916389d3883) Importer(815301076,1909f56bfc062723c751e8b465ee728b)
Start importing Assets/Эпизоды (фоны и объекты)/Эпизод 11 Полёт на Жар-Птице/Эпизод 11. Вилла/стол.png using Guid(002ae9cb17be42a478387916389d3883) Importer(815301076,1909f56bfc062723c751e8b465ee728b)  -> (artifact id: '1864e56bc04f80287ea7d3dc22a4a45c') in 0.065554 seconds 
  Import took 0.077209 seconds .

========================================================================
Received Import Request.
  Time since last request: 0.000430 seconds.
  path: Assets/Эпизоды (фоны и объекты)/Эпизод 11 Полёт на Жар-Птице/Эпизод 11. Вилла/шарики.png
  artifactKey: Guid(2cea96ed0c2de3c499a82c6ecb57ba7b) Importer(815301076,1909f56bfc062723c751e8b465ee728b)
Start importing Assets/Эпизоды (фоны и объекты)/Эпизод 11 Полёт на Жар-Птице/Эпизод 11. Вилла/шарики.png using Guid(2cea96ed0c2de3c499a82c6ecb57ba7b) Importer(815301076,1909f56bfc062723c751e8b465ee728b)  -> (artifact id: 'cabd3fb3376744473f2141f8f0e8711c') in 0.082375 seconds 
  Import took 0.094982 seconds .

========================================================================
Received Import Request.
  Time since last request: 0.000443 seconds.
  path: Assets/Эпизоды (фоны и объекты)/Эпизод 11 Полёт на Жар-Птице/Эпизод 11. Вилла/торт.png
  artifactKey: Guid(8728333086f331c41abe83cfdc91aeb9) Importer(815301076,1909f56bfc062723c751e8b465ee728b)
Start importing Assets/Эпизоды (фоны и объекты)/Эпизод 11 Полёт на Жар-Птице/Эпизод 11. Вилла/торт.png using Guid(8728333086f331c41abe83cfdc91aeb9) Importer(815301076,1909f56bfc062723c751e8b465ee728b)  -> (artifact id: 'ff6704a682cb1d58358b2152d99c4781') in 0.090913 seconds 
  Import took 0.102779 seconds .

========================================================================
Received Import Request.
  Time since last request: 0.000741 seconds.
  path: Assets/Эпизоды (фоны и объекты)/Эпизод 11 Полёт на Жар-Птице/Эпизод 11. Вилла/фон.png
  artifactKey: Guid(ec39fcca5360aed4bb17e9f0d2d5dd6c) Importer(815301076,1909f56bfc062723c751e8b465ee728b)
Start importing Assets/Эпизоды (фоны и объекты)/Эпизод 11 Полёт на Жар-Птице/Эпизод 11. Вилла/фон.png using Guid(ec39fcca5360aed4bb17e9f0d2d5dd6c) Importer(815301076,1909f56bfc062723c751e8b465ee728b)  -> (artifact id: '3cc32bb27da926474d6a6b4351a94937') in 0.120172 seconds 
  Import took 0.132847 seconds .

AssetImportWorkerClient::OnTransportError - code=2 error=End of file
